<?xml version="1.0" encoding="UTF-8"?>
<!-- Generated by org.testng.reporters.JUnitXMLReporter -->
<testsuite hostname="Artium-PC" ignored="0" name="Account test" tests="3" failures="0" timestamp="10 Jun 2019 14:30:59 GMT" time="82.301" errors="0">
  <testcase name="_007_LoginTest" time="26.878" classname="com.next.proj.nextG_proj.tests.LoginTest"/>
  <testcase name="_008_ChangeAccountDetailsTest" time="25.64" classname="com.next.proj.nextG_proj.tests.ChangeAccountDetailsTest"/>
  <testcase name="_010_ChangePasswordTest" time="24.142" classname="com.next.proj.nextG_proj.tests.ChangePasswordTest"/>
</testsuite> <!-- Account test -->
