<?xml version="1.0" encoding="UTF-8"?>
<!-- Generated by org.testng.reporters.JUnitXMLReporter -->
<testsuite hostname="Artium-PC" ignored="0" name="Account test" tests="3" failures="0" timestamp="11 Jun 2019 16:52:57 GMT" time="69.444" errors="0">
  <testcase name="_007_LoginTest" time="18.769" classname="com.next.proj.nextG_proj.tests.LoginTest"/>
  <testcase name="_008_ChangeAccountDetailsTest" time="19.231" classname="com.next.proj.nextG_proj.tests.ChangeAccountDetailsTest"/>
  <testcase name="_010_ChangePasswordTest" time="25.406" classname="com.next.proj.nextG_proj.tests.ChangePasswordTest"/>
</testsuite> <!-- Account test -->
