<?xml version="1.0" encoding="UTF-8"?>
<!-- Generated by org.testng.reporters.JUnitXMLReporter -->
<testsuite hostname="Artium-PC" ignored="0" name="Product test" tests="4" failures="0" timestamp="11 Jun 2019 16:50:01 GMT" time="75.284" errors="0">
  <testcase name="_004_addItemsToBagTest" time="28.578" classname="com.next.proj.nextG_proj.tests.AddItemToBagTest"/>
  <testcase name="_005_CheckFavoritesCounterTest" time="17.61" classname="com.next.proj.nextG_proj.tests.CheckFavoritesCounterTest"/>
  <testcase name="_006_CheckFavoritesIconTest" time="12.04" classname="com.next.proj.nextG_proj.tests.CheckFavoritesIconTest"/>
  <testcase name="_009_dateLiveChatTest" time="9.433" classname="com.next.proj.nextG_proj.tests.DateLiveChatTest"/>
</testsuite> <!-- Product test -->
