<?xml version="1.0" encoding="UTF-8"?>
<!-- Generated by org.testng.reporters.JUnitXMLReporter -->
<testsuite hostname="Artium-PC" ignored="0" name="Product test" tests="3" failures="0" timestamp="08 Jun 2019 17:43:14 GMT" time="42.945" errors="0">
  <testcase name="_006_addItemsToBagTest" time="23.225" classname="com.next.proj.nextG_proj.tests.AddItemToBagTest"/>
  <testcase name="_009_CheckFavoritesCounterTest" time="7.4" classname="com.next.proj.nextG_proj.tests.CheckFavoritesCounterTest"/>
  <testcase name="_008_CheckFavoritesIconTest" time="6.27" classname="com.next.proj.nextG_proj.tests.CheckFavoritesIconTest"/>
</testsuite> <!-- Product test -->
