<?xml version="1.0" encoding="UTF-8"?>
<!-- Generated by org.testng.reporters.JUnitXMLReporter -->
<testsuite hostname="Artium-PC" ignored="0" name="Sanity" tests="7" failures="0" timestamp="08 Jun 2019 16:04:48 GMT" time="49.871" errors="0">
  <testcase name="_004_searchProductsTest" time="22.415" classname="com.next.proj.nextG_proj.tests.SearchProductTest"/>
  <testcase name="_003_searchProductNegativeTest" time="8.279" classname="com.next.proj.nextG_proj.tests.SearchProductNegativeTest"/>
  <testcase name="_011_searchFromMainLandingPage" time="3.294" classname="com.next.proj.nextG_proj.tests.DataProviderSearchingTest"/>
  <testcase name="_011_searchFromMainLandingPage" time="4.154" classname="com.next.proj.nextG_proj.tests.DataProviderSearchingTest"/>
  <testcase name="_011_searchFromMainLandingPage" time="3.231" classname="com.next.proj.nextG_proj.tests.DataProviderSearchingTest"/>
  <testcase name="searchFromMainLandingPage1" time="0.019" classname="com.next.proj.nextG_proj.tests.DataProviderSearchingTest"/>
  <testcase name="searchFromMainLandingPage1" time="0.011" classname="com.next.proj.nextG_proj.tests.DataProviderSearchingTest"/>
</testsuite> <!-- Sanity -->
