<?xml version="1.0" encoding="UTF-8"?>
<testng-results skipped="0" failed="0" ignored="0" total="1" passed="1">
  <reporter-output>
  </reporter-output>
  <suite name="Default suite" duration-ms="35940" started-at="2019-06-03T14:02:41Z" finished-at="2019-06-03T14:03:17Z">
    <groups>
    </groups>
    <test name="Default test" duration-ms="35940" started-at="2019-06-03T14:02:41Z" finished-at="2019-06-03T14:03:17Z">
      <class name="com.next.proj.nextG_proj.tests.AddItemToBagTest">
        <test-method status="PASS" signature="beforeTest()[pri:0, instance:com.next.proj.nextG_proj.tests.AddItemToBagTest@17d0685f]" name="beforeTest" is-config="true" duration-ms="10180" started-at="2019-06-03T14:02:41Z" finished-at="2019-06-03T14:02:52Z">
          <reporter-output>
          </reporter-output>
        </test-method> <!-- beforeTest -->
        <test-method status="PASS" signature="_06_addItemsToBagTest()[pri:0, instance:com.next.proj.nextG_proj.tests.AddItemToBagTest@17d0685f]" name="_06_addItemsToBagTest" duration-ms="25678" started-at="2019-06-03T14:02:52Z" finished-at="2019-06-03T14:03:17Z">
          <reporter-output>
          </reporter-output>
        </test-method> <!-- _06_addItemsToBagTest -->
        <test-method status="PASS" signature="afterTest()[pri:0, instance:com.next.proj.nextG_proj.tests.AddItemToBagTest@17d0685f]" name="afterTest" is-config="true" duration-ms="1" started-at="2019-06-03T14:03:17Z" finished-at="2019-06-03T14:03:17Z">
          <reporter-output>
          </reporter-output>
        </test-method> <!-- afterTest -->
      </class> <!-- com.next.proj.nextG_proj.tests.AddItemToBagTest -->
    </test> <!-- Default test -->
  </suite> <!-- Default suite -->
</testng-results>
