<?xml version="1.0" encoding="UTF-8"?>
<!-- Generated by org.testng.reporters.JUnitXMLReporter -->
<testsuite hostname="Artium-PC" ignored="0" name="ghfcdfdfsdf" tests="7" failures="0" timestamp="08 Jun 2019 16:31:25 GMT" time="60.923" errors="0">
  <testcase name="_004_searchProductsTest" time="29.88" classname="com.next.proj.nextG_proj.tests.SearchProductTest"/>
  <testcase name="_003_searchProductNegativeTest" time="12.119" classname="com.next.proj.nextG_proj.tests.SearchProductNegativeTest"/>
  <testcase name="_011_searchFromMainLandingPage" time="3.582" classname="com.next.proj.nextG_proj.tests.DataProviderSearchingTest"/>
  <testcase name="_011_searchFromMainLandingPage" time="3.719" classname="com.next.proj.nextG_proj.tests.DataProviderSearchingTest"/>
  <testcase name="_011_searchFromMainLandingPage" time="3.283" classname="com.next.proj.nextG_proj.tests.DataProviderSearchingTest"/>
  <testcase name="searchFromMainLandingPage1" time="0.019" classname="com.next.proj.nextG_proj.tests.DataProviderSearchingTest"/>
  <testcase name="searchFromMainLandingPage1" time="0.016" classname="com.next.proj.nextG_proj.tests.DataProviderSearchingTest"/>
</testsuite> <!-- ghfcdfdfsdf -->
