<?xml version="1.0" encoding="UTF-8"?>
<!-- Generated by org.testng.reporters.JUnitXMLReporter -->
<testsuite hostname="Artium-PC" ignored="0" name="Search test" tests="5" failures="0" timestamp="10 Jun 2019 14:22:55 GMT" time="68.858" errors="0">
  <testcase name="_001_searchProductsTest" time="35.573" classname="com.next.proj.nextG_proj.tests.SearchProductTest"/>
  <testcase name="_002_searchProductNegativeTest" time="14.429" classname="com.next.proj.nextG_proj.tests.SearchProductNegativeTest"/>
  <testcase name="_003_searchFromMainLandingPage" time="3.356" classname="com.next.proj.nextG_proj.tests.DataProviderSearchingTest"/>
  <testcase name="_003_searchFromMainLandingPage" time="4.986" classname="com.next.proj.nextG_proj.tests.DataProviderSearchingTest"/>
  <testcase name="_003_searchFromMainLandingPage" time="3.615" classname="com.next.proj.nextG_proj.tests.DataProviderSearchingTest"/>
</testsuite> <!-- Search test -->
