<?xml version="1.0" encoding="UTF-8"?>
<!-- Generated by org.testng.reporters.JUnitXMLReporter -->
<testsuite hostname="Artium-PC" ignored="0" name="Search test" tests="7" failures="0" timestamp="08 Jun 2019 17:51:50 GMT" time="36.053" errors="0">
  <testcase name="_004_searchProductsTest" time="14.318" classname="com.next.proj.nextG_proj.tests.SearchProductTest"/>
  <testcase name="_003_searchProductNegativeTest" time="4.317" classname="com.next.proj.nextG_proj.tests.SearchProductNegativeTest"/>
  <testcase name="_011_searchFromMainLandingPage" time="2.939" classname="com.next.proj.nextG_proj.tests.DataProviderSearchingTest"/>
  <testcase name="_011_searchFromMainLandingPage" time="3.285" classname="com.next.proj.nextG_proj.tests.DataProviderSearchingTest"/>
  <testcase name="_011_searchFromMainLandingPage" time="3.016" classname="com.next.proj.nextG_proj.tests.DataProviderSearchingTest"/>
  <testcase name="searchFromMainLandingPage1" time="0.024" classname="com.next.proj.nextG_proj.tests.DataProviderSearchingTest"/>
  <testcase name="searchFromMainLandingPage1" time="0.041" classname="com.next.proj.nextG_proj.tests.DataProviderSearchingTest"/>
</testsuite> <!-- Search test -->
